2025-11-06 16:59:27,441 - INFO - ===== 单独执行中药排名流程 =====
2025-11-06 16:59:27,441 - INFO - Run ID: entrez_run_2025-11-06_16-08-52
2025-11-06 16:59:27,441 - INFO - 输入文件: outputs\entrez_run_2025-11-06_16-08-52\compound_predictions.csv
2025-11-06 16:59:27,441 - INFO - 输出目录: D:\TCM\DA0C.Y\herb_project\outputs\entrez_run_2025-11-06_16-08-52
2025-11-06 16:59:27,441 - INFO - 开始对中药进行评分和排名...
2025-11-06 16:59:27,441 - INFO - 正在加载化合物预测分数: outputs\entrez_run_2025-11-06_16-08-52\compound_predictions.csv
2025-11-06 16:59:27,509 - INFO - 预测文件中已包含 CHP_ID 列，直接使用...
2025-11-06 16:59:27,515 - INFO - 正在按中药ID (CHP_ID) 聚合分数...
2025-11-06 16:59:28,264 - INFO - 正在加载中药名称: D:\TCM\D6_Chinese_herbal_pieces.tsv
2025-11-06 16:59:28,411 - INFO - 已生成带中药名称的化合物预测文件: D:\TCM\DA0C.Y\herb_project\outputs\entrez_run_2025-11-06_16-08-52\compound_predictions_with_names.csv
2025-11-06 16:59:28,424 - INFO - 正在生成多种排名方式...
2025-11-06 16:59:28,436 - INFO - 平均分排名已生成: D:\TCM\DA0C.Y\herb_project\outputs\entrez_run_2025-11-06_16-08-52\herb_ranking_avg_score.csv
2025-11-06 16:59:28,448 - INFO - 贝叶斯平均分排名已生成: D:\TCM\DA0C.Y\herb_project\outputs\entrez_run_2025-11-06_16-08-52\herb_ranking_adj_avg_score.csv
2025-11-06 16:59:28,456 - INFO - 有效成分平均分排名已生成: D:\TCM\DA0C.Y\herb_project\outputs\entrez_run_2025-11-06_16-08-52\herb_ranking_effective_avg.csv
2025-11-06 16:59:28,466 - INFO - 高质量成分平均分排名已生成: D:\TCM\DA0C.Y\herb_project\outputs\entrez_run_2025-11-06_16-08-52\herb_ranking_high_quality_avg.csv
2025-11-06 16:59:28,466 - INFO - 超高质量成分数量排名已生成: D:\TCM\DA0C.Y\herb_project\outputs\entrez_run_2025-11-06_16-08-52\herb_ranking_ultra_high_count.csv
2025-11-06 16:59:28,482 - INFO - 超高质量成分平均分排名已生成: D:\TCM\DA0C.Y\herb_project\outputs\entrez_run_2025-11-06_16-08-52\herb_ranking_ultra_high_avg.csv
2025-11-06 16:59:28,499 - INFO - 综合排名已生成: D:\TCM\DA0C.Y\herb_project\outputs\entrez_run_2025-11-06_16-08-52\herb_ranking_comprehensive.csv
2025-11-06 16:59:28,503 - INFO - 质量比例排名已生成: D:\TCM\DA0C.Y\herb_project\outputs\entrez_run_2025-11-06_16-08-52\herb_ranking_quality_ratio.csv
2025-11-06 16:59:28,515 - INFO - 最高成分分数排名已生成: D:\TCM\DA0C.Y\herb_project\outputs\entrez_run_2025-11-06_16-08-52\herb_ranking_max_score.csv
2025-11-06 16:59:28,556 - INFO - 汇总报告已生成: D:\TCM\DA0C.Y\herb_project\outputs\entrez_run_2025-11-06_16-08-52\ranking_summary.txt
2025-11-06 16:59:28,556 - INFO - 最终中药排名已生成并保存至: D:\TCM\DA0C.Y\herb_project\outputs\entrez_run_2025-11-06_16-08-52\herb_ranking_comprehensive.csv
2025-11-06 16:59:28,558 - INFO - ===== 排名流程成功结束！ =====
2025-11-06 16:59:28,560 - INFO - 最终的中药排名报告已生成: D:\TCM\DA0C.Y\herb_project\outputs\entrez_run_2025-11-06_16-08-52\herb_ranking_comprehensive.csv
