2025-11-06 16:08:41,177 - INFO - Reading Excel file: input_proteins.xlsx
2025-11-06 16:08:41,422 - INFO - Found 16 unique UniProt IDs
2025-11-06 16:08:41,422 - INFO - UniProt IDs: ['P00533', 'P01579', 'P01583', 'P04198', 'P05231', 'P08581', 'P12830', 'P28300', 'P35968', 'P42771', 'P46937', 'P60484', 'Q00987', 'Q08050', 'Q15672', 'Q15910']
2025-11-06 16:08:41,423 - INFO - Converting UniProt IDs to Entrez Gene IDs...
2025-11-06 16:08:43,193 - INFO - Mapping saved to: uniprot_to_entrez_mapping.csv
2025-11-06 16:08:43,193 - INFO - 
Mapping Results:
2025-11-06 16:08:43,193 - INFO - ------------------------------------------------------------
2025-11-06 16:08:43,193 - INFO -   P00533 -> 1956;
2025-11-06 16:08:43,193 - INFO -     Note: Multiple GeneIDs found, using first one: 1956
2025-11-06 16:08:43,193 - INFO -   P01579 -> 3458;
2025-11-06 16:08:43,193 - INFO -     Note: Multiple GeneIDs found, using first one: 3458
2025-11-06 16:08:43,193 - INFO -   P01583 -> 3552;
2025-11-06 16:08:43,193 - INFO -     Note: Multiple GeneIDs found, using first one: 3552
2025-11-06 16:08:43,193 - INFO -   P04198 -> 4613;
2025-11-06 16:08:43,193 - INFO -     Note: Multiple GeneIDs found, using first one: 4613
2025-11-06 16:08:43,193 - INFO -   P05231 -> 3569;
2025-11-06 16:08:43,193 - INFO -     Note: Multiple GeneIDs found, using first one: 3569
2025-11-06 16:08:43,193 - INFO -   P08581 -> 4233;
2025-11-06 16:08:43,193 - INFO -     Note: Multiple GeneIDs found, using first one: 4233
2025-11-06 16:08:43,193 - INFO -   P12830 -> 999;
2025-11-06 16:08:43,193 - INFO -     Note: Multiple GeneIDs found, using first one: 999
2025-11-06 16:08:43,193 - INFO -   P28300 -> 4015;
2025-11-06 16:08:43,193 - INFO -     Note: Multiple GeneIDs found, using first one: 4015
2025-11-06 16:08:43,193 - INFO -   P35968 -> 3791;
2025-11-06 16:08:43,193 - INFO -     Note: Multiple GeneIDs found, using first one: 3791
2025-11-06 16:08:43,193 - INFO -   P42771 -> 1029;
2025-11-06 16:08:43,193 - INFO -     Note: Multiple GeneIDs found, using first one: 1029
2025-11-06 16:08:43,193 - INFO -   P46937 -> 10413;
2025-11-06 16:08:43,193 - INFO -     Note: Multiple GeneIDs found, using first one: 10413
2025-11-06 16:08:43,193 - INFO -   P60484 -> 5728;
2025-11-06 16:08:43,193 - INFO -     Note: Multiple GeneIDs found, using first one: 5728
2025-11-06 16:08:43,193 - INFO -   Q00987 -> 4193;
2025-11-06 16:08:43,193 - INFO -     Note: Multiple GeneIDs found, using first one: 4193
2025-11-06 16:08:43,193 - INFO -   Q08050 -> 2305;
2025-11-06 16:08:43,193 - INFO -     Note: Multiple GeneIDs found, using first one: 2305
2025-11-06 16:08:43,193 - INFO -   Q15672 -> 7291;
2025-11-06 16:08:43,193 - INFO -     Note: Multiple GeneIDs found, using first one: 7291
2025-11-06 16:08:43,193 - INFO -   Q15910 -> 2146;
2025-11-06 16:08:43,193 - INFO -     Note: Multiple GeneIDs found, using first one: 2146
2025-11-06 16:08:43,193 - INFO - ------------------------------------------------------------
2025-11-06 16:08:43,198 - INFO - Successfully mapped: 16/16
2025-11-06 16:08:43,198 - INFO - Failed to map: 0/16
2025-11-06 16:08:43,198 - INFO - 
Preparing to run herb prediction with Entrez IDs: 1956,3458,3552,4613,3569,4233,999,4015,3791,1029,10413,5728,4193,2305,7291,2146
2025-11-06 16:08:43,198 - INFO - ============================================================
2025-11-06 16:08:43,198 - INFO - Starting main.py pipeline...
2025-11-06 16:08:43,198 - INFO - ============================================================
2025-11-06 16:08:43,198 - INFO - Command: D:\anaconda3\envs\herb\python.exe main.py --entrez_ids 1956,3458,3552,4613,3569,4233,999,4015,3791,1029,10413,5728,4193,2305,7291,2146
2025-11-06 16:32:28,690 - INFO - ============================================================
2025-11-06 16:32:28,690 - INFO - Pipeline completed successfully!
2025-11-06 16:32:28,690 - INFO - ============================================================
2025-11-06 16:32:28,690 - INFO - Check the outputs/ directory for results.
